   146.807179038253        76.4116613990614        106.852315681035     
   73.2996769815114        32.4916468110025        519.326931990831     
   701.746891184354        223.406533497794        310.373759230088     
   116.128154292723        101.291549424710        111.372206153367     
   457.929639595515        407.418934481304        296.422900366086     
   43.1997341514013        424.995688416039        221.468579272108     
   460.491165379789        239.425506827834        261.082072597897     
   208.992680615915        545.102872559734        229.582929815007     
   268.511653558943        383.739106397805        480.462313616106     
   199.978881435506        297.446686629057        114.149838217260     
   660.510766436905        69.6297447493179        402.764653907394     
   656.905994895383        509.480608825630        669.348496117717     
   372.498117249335        83.3007772189627        341.861398564369     
   145.880894529536        525.235850144326        744.585663195242     
   626.565002797722        74.5075035832290        517.024782116874     
   163.073762349313        498.982986652166        954.812462389787     
   79.6882662476862        6.47577649544103        31.7785766543073     
   492.708681407128        716.847324172631        138.181701610197     
   143.874124569005        303.339164712758        233.389905455559     
   178.234800009993        389.700593251207        191.533701129585     
   592.523138151340        74.0784245589800        457.356896796912     
   12.0949830709532        125.305983627960        464.772106846895     
   337.757087111335        418.232978925725        429.213895629078     
   144.125914130220        247.064636496385        284.352562097435     
   96.7555959601633        83.2374123066470        144.284630167392     
   41.3297678642237        549.899149543936        365.718289610473     
   670.109684118099        477.957199094133        151.222409196622     
   629.527279928090        486.926507020734        480.181957736144     
   371.272662436037        231.087981475667        275.705933143180     
   304.291579158747        585.809409287041        269.812293012891     
   215.445665943620        68.1895579334385        280.430161703302     
   183.301991057198        341.413996700522        278.229122885105     
   760.093305879245        66.9426697307995        586.912649982325     
   777.112294888373        673.673102374732        729.132795101628     
   867.171621622346        360.413766783983        172.016145970179     
   243.432294198856        2.22205805000357        318.383022982015     
   117.750336268628        571.786520825132        307.707873876321     
   343.822767878803        216.157138892326        126.054556366680     
   162.330209924458        808.352211224675        154.928302097937     
   192.988070606561        300.314506874173        131.669349785215     
   267.431361876082        209.611208223836        72.0312133276321     
   26.9555584940703        872.160829603869        791.445997569987     
   138.548793651027        79.9070419506553        186.543728238815     
   257.828519873890        54.9467108399810        863.830221165834     
   220.753041208729        612.282165069599        753.165397299949     
   56.5761822072334        356.683071612856        318.779245310373     
   191.025542964313        450.073958644660        103.276184672897     
   156.253618313010        292.382079561895        235.516528530431     
   72.4664582383882        520.439800113199        384.002374020133     
   349.565778103127        127.837138175361        834.203148391740     
   541.666511198806        415.477484785135        427.244086062316     
   322.428257820639        178.152483714504        212.023308550995     
   133.938554677133        242.427693908671        765.511838216962     
   311.104168806752        551.023298642181        120.143882981840     
   39.3962157008715        70.3092213923970        609.960702411815     
   206.378289331006        322.086978294485        60.0397816850707     
   644.129859361775        115.764263589172        53.0142024950407     
   784.139458599934        64.9860621237789        60.0838243072300     
   119.483254874740        202.510223801198        212.751474639940     
   33.5590898311258        423.653981984237        659.651768939864     
   30.2510305667740        87.3186086542534        805.750555566559     
   536.368779746459        401.177026993430        292.891388347780     
   547.408673289374        178.065463635412        241.147659736669     
   206.371385466662        288.235084731243        10.7575309577212     
   511.197399157428        489.046788357520        16.6659589794481     
   610.012856251789        539.579220619531        152.544517157591     
   287.886315320889        534.219258639480      -0.907541490102337     
 -0.764203197858233       0.259733982568222       0.594247021911303     
  0.852239899675743      -0.885993899993608       0.788567834216016     
 -0.198609749655176      -0.806962985924287      -0.476498623477854     
  0.891761478634620      -0.126367417168970       0.930527846265756     
 -2.775274259613558E-002 -0.705005581938133      -0.765630696930213     
 -0.479861865531084      -0.116335087401073      -0.573033903467451     
  0.492362169783721       0.902447203769243       0.412336738767414     
 -0.854352867986200      -0.729973031054216       0.780105337724393     
 -0.313863283438446      -0.363771266470933       0.992106661090630     
 -0.840535397941340       0.138192617609686      -0.806222247994575     
  0.292350575711971      -0.588835635009227      -0.209981555021861     
 -0.394116460374706       0.595450866861103       0.125146343022262     
  0.512851589508561       0.265576054172185      -0.702812638241448     
 -0.241848781679333      -0.162824701774544      -0.827618352409719     
 -1.609317429500567E-002 -0.967220668844349      -0.421414551376378     
  0.216288205633335      -0.450499192076857      -0.982158556651298     
 -0.854653929512787       0.697194316005994       0.234486528403741     
  4.081752610240186E-002  0.145548662519859      -0.831414132480963     
 -0.184244627772439      -0.375790088980193      -0.189739225614940     
 -0.456641982042590      -0.828175223108806      -0.448616232136212     
  0.237290003418289      -0.922186578294953      -0.147035670429171     
  0.477571366245204       0.998005850838904      -0.484704792052967     
  0.166362676941457       0.488588249625662      -0.635682701438262     
  0.919892002251601      -0.987557575199769      -9.401169929832931E-002
 -0.348446711597301       0.590653907586381       0.841040744541199     
 -0.160167738789262      -6.054484420865958E-002  0.971451346562400     
 -0.256584743699653      -7.877988551336301E-002  0.894956833053309     
 -0.236535415980182      -0.673757518005555       0.208538998365417     
  0.765010805014505      -0.918188057243267      -0.793579481199271     
 -0.544854737361384      -0.233312353006169       0.166091055584604     
  0.457061072733773       4.290526015244300E-002 -0.939641169950252     
  0.897790066039080      -0.993210206694624       0.973119404674946     
 -0.902273086086620       0.278477787768940       0.116548543645602     
  0.498707803730086      -0.895248607750690      -0.426496078050955     
 -0.937934166192758       0.627607672025911       0.644938646142373     
 -0.625144007132521       0.411199041823871      -0.400983175818485     
  0.117992777496574       0.313458705416003       0.367213992854038     
  0.588906991144396       0.290541976889563      -0.977010610326064     
  0.301563987421026      -1.973839245213038E-002  0.204668692203079     
 -0.543357841417558      -6.315723966664875E-002  4.934663938881789E-002
  0.912404218458613      -0.909582049954435       0.659945824242947     
  2.334345666550391E-002 -0.173298985603307      -0.420669088387157     
 -0.700620192852986       7.130015448339377E-002  0.694684437557092     
 -0.578255644634547      -0.453948633857707       0.138312182474662     
 -0.388321387883477      -0.326544155723755       9.154495014366493E-002
  0.818812043669808      -0.905847818166130      -0.377452438466176     
  0.962233479104142       0.376475495663309      -6.892709168941144E-002
  0.241594115129965      -0.917118962506804      -0.193062209953516     
 -0.729430010048201      -0.145076673027993       0.299954631643465     
  0.566293352784917       0.319504612205862      -0.168642715719553     
  0.970418886017155      -0.404850598235630      -0.957476651614044     
  0.314204110686338       0.546202393086072       0.864203839339742     
  4.859865656339279E-002 -0.782128659413618      -6.952256983521321E-002
  0.452744197582441       0.957694285620829       0.494998467170040     
  0.413460944790233      -0.161302170695367      -0.587049775738323     
  0.709137293249061      -2.295560094864435E-002  0.704655418159465     
  0.911807793108326       0.282322175446074       0.662313647822427     
  8.097827370072430E-002 -0.875195375541777       0.953882446816277     
  0.601818678431252      -0.527229290669217      -0.499415563839263     
 -0.159251797309974       0.864946840574278       0.277016152098851     
  0.198257260390861      -0.714654415872838      -0.358739108863466     
  0.357946900344884       0.779266249556191      -0.824265325008094     
  0.353203740721157      -2.422772101238890E-002  0.630219350852428     
 -0.818843703624923       0.515948222161752      -0.335206171956343     
  0.151831488714009      -0.897832300360126      -0.878275004932377     
  0.733948756354019      -0.176565684339665       0.223071862562638     
  0.265476908589914       0.565636611462975       0.783231296204055     
  0.248751907534144       0.615056078130363       0.233604681182816     
  0.834868173422848       0.790958476942348       0.556045448297077     
  0.958513583657318       0.808772829316367       0.547987575146218     
  0.660159308559429       0.811944064233643       0.308503678653449     
  0.923524326096057       0.181817565312122       0.576235045594698     
  0.898524748352454       0.229478106494466       0.268427530814615     
  0.456825809083354       0.999572824191682       0.842275054765586     
  0.563659216386823       0.345804907022105       0.920254502764799     
  0.107268213742490       9.192919566733559E-002  0.704987549805273     
  0.182916652166789       0.565097020875696       0.651870105967110     
  0.706064605025622       0.585674146156187       0.998010481650556     
  0.504144766887636       0.140765038278995       0.653977319496285     
  0.769007946502274       0.836725471722575       0.795497692934262     
  0.915897220102337       0.399709991774923       0.819637195665882     
  0.862646651038168       0.324677236635236       0.395801232102004     
  0.110048533964496       0.644555941267348       0.946633833808364     
  0.410661697685992       0.642555520533758       1.809524784654049E-002
  0.488837410132384       0.230373904879664       0.155480073941459     
  0.831777611095509       0.605779854286532       0.729885399496465     
  0.750174491715240       4.531841091543087E-002  0.872038512538100     
  0.922778116762427       0.264591211531948       0.295431113755135     
  0.374213709874993       0.243054277591747       0.376651842508162     
  0.510780879272051       0.908572214896203       0.328502288041462     
  0.512795312999547       0.945788742027714       0.959920613183172     
  0.897510050355352       0.669121331112814       0.467677816613844     
  0.611817443414975       0.538180126687196       0.729134412303737     
  0.331782123875676       3.596524609537199E-002  0.754081128050389     
  0.283250985547281       0.761077524949158       0.558098979829530     
  0.234452675026514       0.399908325491374       8.015871273120484E-002
  0.683661915339614       0.906854505667593       0.287748355106510     
  0.437097403030580       0.807106266261187       0.722009399644021     
  0.397457543658721       0.225489125443853       0.453295998544486     
  0.586973380248625       2.804172708784980E-002  0.549855204828315     
  0.938957176839506       1.402926113221881E-002  0.135631561414201     
  0.269237931387271       0.372987133938330       0.767190105066011     
  0.453288422257773       0.155001641491183       0.656904238141435     
  1.701415642439097E-002  0.581560274319516       0.586268765874032     
  0.387748574295097       0.700029532494763       0.115886964318284     
  0.327220414655513       0.447810001101356       0.647899361700213     
  8.013229393379129E-002  0.673332487260749       0.432290843750332     
  0.559733107127689       0.593178246758143       0.605420644330116     
  0.282630760452491       0.676417080208248       0.436549888658858     
  0.534447761571299       0.508525192186562       0.782449863922596     
  0.130232125731828       0.331130827273373       0.645824975411192     
  0.665762938907345       0.550369132001361       0.108751407567759     
  0.469603704058874       0.695328506906098       0.722106649426695     
  0.438202546850829       0.622836129900760       0.479053573990535     
  1.511009664056440E-002  6.759684973304458E-002  0.877043980474027     
  0.234574678977352       0.141406304783898       0.985808224677305     
  0.980425693541438       0.627143307711266       0.211993773960383     
  0.342014455158348       0.389116709223058       0.172868651631510     
  0.459876115596283       0.242845436154199       0.325714436383895     
  0.886752067498724       0.174228431356086       2.751433068137921E-002
  0.248460968994105       0.430496186939541       0.378585923662207     
  0.828775568800296       0.536536513807287       3.517155656492610E-002
  0.189659774790510       0.935234150284825       0.618267544041233     
  0.964606459780414       0.896441678105036       0.491211137500863     
  0.894575811300386       0.578801414733843       0.903459135429760     
  0.156080051250073       0.698712552277546       0.992904874621300     
  0.178384159060704       0.513371230073437       0.652398204257040     
  0.223199527882143       0.408789419019157       0.171930605724962     
  0.208271673404439       0.232887776608593       0.354577394428292     
  0.682401858663687       0.396988430567463       3.168587811268964E-002
  0.430907332822602       0.475767017541496       0.769430904245034     
  0.618135855331841       0.624372217898866       0.601953206948733     
  0.877312035593011       0.285374517160042       0.660153290697050     
   1.20663223870204        3.55096906324988        5.40387058715644     
   2.08293610124368        5.67086046507583        5.06549797153951     
   5.29681386204068        3.56934156826419        5.33996283018296     
   4.15525321577764        3.76239170929267        1.70261698565969     
  0.424793498479835        6.22508587223918        5.29200083346795     
   2.08875909040654        1.72859777242223       0.552468506419373     
   4.90433122109526        1.57240649287642       4.976712023851637E-002
   5.71328281445038        5.41700254648256        2.92119949064055     
   1.41155243647957       0.225223391487468        5.78438250333758     
   5.48576625968018       0.658208889628658        4.68211926757771     
   2.01462129527596        1.60451421792907        3.45330952873043     
   6.07466361573380        1.12902904283282        4.52425229442307     
   5.91512446699795       0.870882096331390        1.48503378603822     
   3.61879865131889        2.57423638741833        4.61107255238620     
   2.08082379067987        4.14516067140508        1.00087676339770     
   2.71427315146064        4.80480084830099        5.93372390180787     
   6.26352404929227        1.55624098512841        5.90729749507415     
   3.12624436514377        5.97973496014253        3.17532128673453     
   5.61966536792148        5.23792694230044        5.15802216437100     
   4.76451642300806        4.35460428995968        1.12852332479870     
   1.95677393703864       0.725699625050805        1.74874075539148     
   2.57339431290794        6.09776495971630        6.03791612221439     
   1.86954346073964        5.05477488813356        3.96049240816685     
   6.19989910046306        6.00897794488263        2.17622188456753     
   2.74910076822501       0.294948672592629        4.18218307217428     
   3.75355403770055        5.70725509955225        5.77346824789215     
   1.76429476112406        4.07360029536589       0.320400171879391     
   1.33034878621093        3.03168433791453       0.737714647297997     
   1.77244247772479        1.72764845004943        3.36403420842531     
   2.09686781215518       0.587257002789551        4.08954530266491     
   4.82017642360452        3.42667669536962        4.25842754654643     
   2.52086136128650       0.664230481953699       4.473125770463293E-002
   5.95231022012011        2.93940763589777        6.09767165089049     
   2.79702801596570        4.03582085682166        5.00036770492174     
   2.77314139527217        4.15002155368396        1.02908240940529     
   3.01523872598056        4.96446944001033       0.193889404719780     
   2.49748000783608        4.59908306340295        5.66815480174454     
   5.55396002653090        3.72760501147116        5.26212041816904     
  0.200579274099622       0.899200131743400        2.44392138823638     
   5.05074683705548       0.676477220994565        2.16556516846470     
   4.76115867880899        2.40030081228522        4.77759611880905     
   6.09818556282189        1.48818482707150        3.41094352144427     
  0.841960440391352        1.71364955058542        4.70472856523982     
  0.332330471867880        3.50748901815398        4.24882972167496     
   3.18414671102232       0.772718403129537        2.31525218918179     
   3.36849835433391        4.37466735807186        5.19180228558794     
  3.404695937709512E-002   4.85719640128129        1.19573751997988     
  0.873906310208796       0.272668277167216        3.88369513775014     
   2.36409182043272       0.884617117257464       0.971321236551411     
  0.330545998224581        1.14078923063446        1.83810320393653     
   3.43692562389949        1.85570071826881        1.37057692910207     
   5.09675284114414        3.35545816604292        1.91907150052734     
   3.68309396687891        2.90127881096997       0.115933837298307     
  0.134636869653264        3.48229867427578        3.99021953344802     
   5.69699081617675        5.25673008263701        1.88472505075168     
   5.28680242775198        5.97860759508319        2.38539130249091     
   4.46235337836030       0.505844822932836        3.21245113223881     
   2.96752781492815       3.554521955574019E-002   1.47986213918284     
   6.04659384238109        1.80303502964336       0.478615808012701     
   3.31830945643211        1.40605074180358       0.527615160414522     
  0.858834596760539        5.25074451401111        2.65106801454159     
   4.93464792804773        4.45890565858502       0.364774841454153     
   3.75435754058364        6.19293437607959        5.00135242518370     
  0.226030935287487        5.94941964572611        2.25858358242244     
   6.00812816884300        3.30365003563344        4.94191224650844     
   4.42145160924189        6.17481018771611        2.86387505992869     
   5.06181271476557        1.12634847141897        316.157938420558     
   50.5295471748734        275.490293332010        176.762697606114     
   165.128625587458        429.351325409493        81.9122144570317     
   116.539849460160        46.8201148290834        442.097284075435     
   170.468989180328        433.000010200261        536.986233413585     
   167.956773247688        62.6877518048445        396.972172727658     
   85.3603754503883        197.424628302597        136.023254274869     
   208.972186768634        346.614596603285        159.682949228857     
   59.7535802471972        214.262715761185        60.8737248939084     
   446.495023056095        754.504652803219        303.308871146733     
   63.9867940116815        128.503712805194        312.220484020058     
   177.804659635080        285.428919029057        477.758645679277     
   371.898561353663        17.5282275409971        71.7498293740159     
   158.969525446288        10.6160412728704        392.389092554361     
   2.00000000000000        2.00000000000000        2.00000000000000     
   2.00000000000000        2.00000000000000        2.00000000000000     
   2.00000000000000        2.00000000000000        2.00000000000000     
   2.00000000000000        2.00000000000000        2.00000000000000     
   2.00000000000000        2.00000000000000        2.00000000000000     
   2.00000000000000        2.00000000000000        2.00000000000000     
   2.00000000000000        2.00000000000000        2.00000000000000     
   2.00000000000000        2.00000000000000        2.00000000000000     
   2.00000000000000        2.00000000000000        2.00000000000000     
   2.00000000000000        2.00000000000000        2.00000000000000     
   2.00000000000000        2.00000000000000        2.00000000000000     
   2.00000000000000        2.00000000000000        2.00000000000000     
   2.00000000000000        2.00000000000000        2.00000000000000     
   2.00000000000000        2.00000000000000        2.00000000000000     
   2.00000000000000        2.00000000000000        2.00000000000000     
   2.00000000000000        2.00000000000000        2.00000000000000     
   2.00000000000000        2.00000000000000        2.00000000000000     
   2.00000000000000        2.00000000000000        2.00000000000000     
   2.00000000000000        2.00000000000000        2.00000000000000     
   2.00000000000000        2.00000000000000        2.00000000000000     
   2.00000000000000        2.00000000000000        2.00000000000000     
   2.00000000000000        2.00000000000000        2.00000000000000     
   2.00000000000000        2.00000000000000        2.00000000000000     
   2.00000000000000        2.00000000000000        2.00000000000000     
   2.00000000000000        2.00000000000000        2.00000000000000     
   2.00000000000000        2.00000000000000        2.00000000000000     
   2.00000000000000        2.00000000000000        2.00000000000000     
   2.00000000000000        2.00000000000000        2.00000000000000     
   2.00000000000000        2.00000000000000        2.00000000000000     
   2.00000000000000        2.00000000000000        2.00000000000000     
   2.00000000000000        2.00000000000000        2.00000000000000     
   2.00000000000000        2.00000000000000        2.00000000000000     
   2.00000000000000        2.00000000000000        2.00000000000000     
   2.00000000000000        2.00000000000000        2.00000000000000     
   2.00000000000000        2.00000000000000        2.00000000000000     
   2.00000000000000        2.00000000000000        2.00000000000000     
   2.00000000000000        2.00000000000000        2.00000000000000     
   2.00000000000000        2.00000000000000        2.00000000000000     
   2.00000000000000        2.00000000000000        2.00000000000000     
   2.00000000000000        2.00000000000000        2.00000000000000     
   2.00000000000000        2.00000000000000        2.00000000000000     
   2.00000000000000        2.00000000000000        2.00000000000000     
   2.00000000000000        2.00000000000000        2.00000000000000     
   2.00000000000000        2.00000000000000        2.00000000000000     
   2.00000000000000        2.00000000000000        2.00000000000000     
   2.00000000000000        2.00000000000000        2.00000000000000     
   2.00000000000000        2.00000000000000        2.00000000000000     
   2.00000000000000        2.00000000000000        2.00000000000000     
   2.00000000000000        2.00000000000000        2.00000000000000     
   2.00000000000000        2.00000000000000        2.00000000000000     
   2.00000000000000        2.00000000000000        2.00000000000000     
   2.00000000000000        2.00000000000000        2.00000000000000     
   2.00000000000000        2.00000000000000        2.00000000000000     
   2.00000000000000        2.00000000000000        2.00000000000000     
   2.00000000000000        2.00000000000000        2.00000000000000     
   2.00000000000000        2.00000000000000        2.00000000000000     
   2.00000000000000        2.00000000000000        2.00000000000000     
   2.00000000000000        2.00000000000000        2.00000000000000     
   2.00000000000000        2.00000000000000        2.00000000000000     
   2.00000000000000        2.00000000000000        2.00000000000000     
   2.00000000000000        2.00000000000000        2.00000000000000     
   2.00000000000000        2.00000000000000        2.00000000000000     
   2.00000000000000        2.00000000000000        2.00000000000000     
   2.00000000000000        2.00000000000000        2.00000000000000     
   2.00000000000000        2.00000000000000        2.00000000000000     
   2.00000000000000        2.00000000000000        2.00000000000000     
   2.00000000000000        2.00000000000000       0.560000000000000     
  0.600000000000000       0.480000000000000       0.540000000000000     
  0.480000000000000       0.580000000000000       0.580000000000000     
  0.560000000000000       0.520000000000000       0.600000000000000     
  0.500000000000000       0.500000000000000       0.540000000000000     
  0.520000000000000       0.520000000000000       0.520000000000000     
  0.520000000000000       0.520000000000000       0.440000000000000     
  0.480000000000000       0.540000000000000       0.560000000000000     
  0.520000000000000       0.500000000000000       0.460000000000000     
  0.540000000000000       0.480000000000000       0.500000000000000     
  0.460000000000000       0.520000000000000       0.580000000000000     
  0.440000000000000       0.560000000000000       0.520000000000000     
  0.540000000000000       0.560000000000000       0.540000000000000     
  0.440000000000000       0.540000000000000       0.440000000000000     
  0.440000000000000       0.480000000000000       0.520000000000000     
  0.500000000000000       0.520000000000000       0.520000000000000     
  0.460000000000000       0.560000000000000       0.500000000000000     
  0.540000000000000       0.600000000000000       0.480000000000000     
  0.540000000000000       0.500000000000000       0.480000000000000     
  0.560000000000000       0.520000000000000       0.560000000000000     
  0.540000000000000       0.520000000000000       0.520000000000000     
  0.520000000000000       0.560000000000000       0.500000000000000     
  0.560000000000000       0.540000000000000       0.540000000000000     
  0.600000000000000       0.560000000000000       0.560000000000000     
  0.500000000000000       0.520000000000000       0.500000000000000     
  0.560000000000000       0.560000000000000       0.540000000000000     
  0.500000000000000       0.520000000000000       0.540000000000000     
  0.580000000000000       0.500000000000000       0.500000000000000     
  0.500000000000000       0.500000000000000       0.580000000000000     
  0.560000000000000       0.560000000000000       0.460000000000000     
  0.500000000000000       0.600000000000000       0.580000000000000     
  0.500000000000000       0.560000000000000       0.540000000000000     
  0.540000000000000       0.500000000000000       0.520000000000000     
  0.580000000000000       0.520000000000000       0.520000000000000     
  0.500000000000000       0.520000000000000       0.580000000000000     
  0.580000000000000       0.480000000000000       0.520000000000000     
  0.540000000000000       0.560000000000000       0.520000000000000     
  0.580000000000000       0.480000000000000       0.520000000000000     
  0.460000000000000       0.560000000000000       0.520000000000000     
  0.560000000000000       0.440000000000000       0.520000000000000     
  0.520000000000000       0.460000000000000       0.540000000000000     
  0.500000000000000       0.540000000000000       0.560000000000000     
  0.480000000000000       0.520000000000000       0.540000000000000     
  0.640000000000000       0.520000000000000       0.480000000000000     
  0.480000000000000       0.560000000000000       0.540000000000000     
  0.520000000000000       0.520000000000000       0.520000000000000     
  0.540000000000000       0.520000000000000       0.480000000000000     
  0.560000000000000       0.500000000000000       0.520000000000000     
  0.480000000000000       0.520000000000000       0.440000000000000     
  0.500000000000000       0.500000000000000       0.560000000000000     
  0.460000000000000       0.540000000000000       0.600000000000000     
  0.580000000000000       0.540000000000000       0.580000000000000     
  0.500000000000000       0.500000000000000       0.520000000000000     
  0.460000000000000       0.500000000000000       0.480000000000000     
  0.500000000000000       0.520000000000000       0.520000000000000     
  0.520000000000000       0.480000000000000       0.520000000000000     
  0.520000000000000       0.560000000000000       0.500000000000000     
  0.500000000000000       0.520000000000000       0.560000000000000     
  0.560000000000000       0.520000000000000       0.520000000000000     
  0.480000000000000       0.600000000000000       0.520000000000000     
  0.560000000000000       0.560000000000000       0.460000000000000     
  0.480000000000000       0.440000000000000       0.520000000000000     
  0.520000000000000       0.540000000000000       0.500000000000000     
  0.520000000000000       0.540000000000000       0.540000000000000     
  0.520000000000000       0.520000000000000       0.560000000000000     
  0.560000000000000       0.540000000000000       0.560000000000000     
  0.480000000000000       0.520000000000000       0.480000000000000     
  0.500000000000000      -7.528699885739343E-016  3.999999999999925E-002
  1.999999999999925E-002  1.999999999999925E-002  3.999999999999925E-002
  5.999999999999926E-002  1.999999999999925E-002  3.999999999999925E-002
  3.999999999999925E-002  1.999999999999925E-002  3.999999999999925E-002
  5.999999999999926E-002  1.999999999999925E-002  5.999999999999926E-002
  5.999999999999926E-002  5.999999999999926E-002 -7.528699885739343E-016
  3.999999999999925E-002 -7.528699885739343E-016  3.999999999999925E-002
  1.999999999999925E-002  5.999999999999926E-002  3.999999999999925E-002
  1.999999999999925E-002  3.999999999999925E-002  3.999999999999925E-002
  5.999999999999926E-002  3.999999999999925E-002  7.999999999999925E-002
  1.999999999999925E-002  5.999999999999926E-002  3.999999999999925E-002
  1.999999999999925E-002  5.999999999999926E-002  1.999999999999925E-002
  3.999999999999925E-002  5.999999999999926E-002 -7.528699885739343E-016
  5.999999999999926E-002  1.999999999999925E-002  5.999999999999926E-002
  3.999999999999925E-002  5.999999999999926E-002 -7.528699885739343E-016
  1.999999999999925E-002  3.999999999999925E-002  3.999999999999925E-002
  1.999999999999925E-002  1.999999999999925E-002  1.999999999999925E-002
  3.999999999999925E-002  7.999999999999925E-002  3.999999999999925E-002
  3.999999999999925E-002  5.999999999999926E-002  3.999999999999925E-002
  1.999999999999925E-002  3.999999999999925E-002 -7.528699885739343E-016
  3.999999999999925E-002 -7.528699885739343E-016  3.999999999999925E-002
  1.999999999999925E-002  5.999999999999926E-002  5.999999999999926E-002
  1.999999999999925E-002  1.999999999999925E-002  3.999999999999925E-002
  1.999999999999925E-002  7.999999999999925E-002  5.999999999999926E-002
 -7.528699885739343E-016  3.999999999999925E-002  1.999999999999925E-002
  1.999999999999925E-002  3.999999999999925E-002  1.999999999999925E-002
  3.999999999999925E-002  3.999999999999925E-002  3.999999999999925E-002
  5.999999999999926E-002 -7.528699885739343E-016  3.999999999999925E-002
  1.999999999999925E-002  0.139999999999999       3.999999999999925E-002
  9.999999999999924E-002  3.999999999999925E-002  1.999999999999925E-002
  3.999999999999925E-002  7.999999999999925E-002  5.999999999999926E-002
  1.999999999999925E-002  5.999999999999926E-002  3.999999999999925E-002
  5.999999999999926E-002  7.999999999999925E-002  1.999999999999925E-002
  5.999999999999926E-002  1.999999999999925E-002  1.999999999999925E-002
  3.999999999999925E-002  3.999999999999925E-002  9.999999999999924E-002
  1.999999999999925E-002  1.999999999999925E-002  1.999999999999925E-002
  5.999999999999926E-002  1.999999999999925E-002  5.999999999999926E-002
  5.999999999999926E-002  1.999999999999925E-002  3.999999999999925E-002
  1.999999999999925E-002  1.999999999999925E-002  1.999999999999925E-002
  3.999999999999925E-002  1.999999999999925E-002  1.999999999999925E-002
  5.999999999999926E-002  5.999999999999926E-002 -7.528699885739343E-016
  1.999999999999925E-002  7.999999999999925E-002  5.999999999999926E-002
  3.999999999999925E-002  5.999999999999926E-002  3.999999999999925E-002
  3.999999999999925E-002  3.999999999999925E-002  1.999999999999925E-002
  5.999999999999926E-002  3.999999999999925E-002  1.999999999999925E-002
  3.999999999999925E-002  3.999999999999925E-002  3.999999999999925E-002
  3.999999999999925E-002  1.999999999999925E-002  3.999999999999925E-002
  3.999999999999925E-002  3.999999999999925E-002  1.999999999999925E-002
  5.999999999999926E-002  1.999999999999925E-002  7.999999999999925E-002
  3.999999999999925E-002  1.999999999999925E-002 -7.528699885739343E-016
  3.999999999999925E-002  9.999999999999924E-002  3.999999999999925E-002
  3.999999999999925E-002 -7.528699885739343E-016  5.999999999999926E-002
  3.999999999999925E-002 -7.528699885739343E-016  3.999999999999925E-002
  3.999999999999925E-002  3.999999999999925E-002 -7.528699885739343E-016
  1.999999999999925E-002  3.999999999999925E-002  3.999999999999925E-002
  3.999999999999925E-002  1.999999999999925E-002  3.999999999999925E-002
  3.999999999999925E-002  7.999999999999925E-002  3.999999999999925E-002
  1.999999999999925E-002  5.999999999999926E-002  3.999999999999925E-002
  5.999999999999926E-002  5.999999999999926E-002  1.999999999999925E-002
  1.999999999999925E-002  7.999999999999925E-002  3.999999999999925E-002
  5.999999999999926E-002 -7.528699885739343E-016  1.999999999999925E-002
  3.999999999999925E-002  5.999999999999926E-002  3.999999999999925E-002
  5.999999999999926E-002  1.999999999999925E-002  3.999999999999925E-002
 -7.528699885739343E-016 -7.528699885739343E-016  3.999999999999925E-002
  5.999999999999926E-002  1.999999999999925E-002  1.999999999999925E-002
  3.999999999999925E-002  7.999999999999925E-002  1.999999999999925E-002
  1.999999999999925E-002  3.999999999999925E-002  3.999999999999925E-002
   1.70000000000000        1.62000000000000        1.62000000000000     
   1.68000000000000        1.64000000000000        1.64000000000000     
   1.58000000000000        1.60000000000000        1.60000000000000     
   1.60000000000000        1.70000000000000        1.58000000000000     
   1.60000000000000        1.62000000000000        1.64000000000000     
   1.56000000000000        1.58000000000000        1.70000000000000     
   1.60000000000000        1.56000000000000        1.64000000000000     
   1.66000000000000        1.68000000000000        1.68000000000000     
   1.64000000000000        1.58000000000000        1.60000000000000     
   1.62000000000000        1.64000000000000        1.60000000000000     
   1.62000000000000        1.68000000000000        1.62000000000000     
   1.62000000000000        1.58000000000000        1.66000000000000     
   1.62000000000000        1.60000000000000        1.60000000000000     
   1.62000000000000        1.64000000000000        1.60000000000000     
   1.60000000000000        1.68000000000000        1.60000000000000     
   1.66000000000000        1.66000000000000        1.62000000000000     
   1.62000000000000        1.60000000000000        1.58000000000000     
   1.62000000000000        1.62000000000000        1.62000000000000     
   1.62000000000000        1.62000000000000        1.64000000000000     
   1.62000000000000        1.56000000000000        1.62000000000000     
   1.64000000000000        1.56000000000000        1.64000000000000     
   1.60000000000000        1.58000000000000        1.58000000000000     
   1.56000000000000        1.62000000000000        1.66000000000000     
   1.60000000000000        1.58000000000000        1.60000000000000     
   1.68000000000000        1.68000000000000        1.56000000000000     
   1.60000000000000        1.60000000000000        1.60000000000000     
   1.60000000000000        1.62000000000000        1.60000000000000     
   1.62000000000000        1.62000000000000        1.68000000000000     
   1.64000000000000        1.58000000000000        1.62000000000000     
   1.64000000000000        1.62000000000000        1.68000000000000     
   1.66000000000000        1.70000000000000        1.56000000000000     
   1.58000000000000        1.54000000000000        1.56000000000000     
   1.68000000000000        1.66000000000000        1.56000000000000     
   1.60000000000000        1.66000000000000        1.62000000000000     
   1.66000000000000        1.64000000000000        1.66000000000000     
   1.62000000000000        1.60000000000000        1.66000000000000     
   1.68000000000000        1.62000000000000        1.56000000000000     
   1.64000000000000        1.66000000000000        1.62000000000000     
   1.62000000000000        1.64000000000000        1.70000000000000     
   1.58000000000000        1.64000000000000        1.64000000000000     
   1.60000000000000        1.64000000000000        1.58000000000000     
   1.60000000000000        1.64000000000000        1.56000000000000     
   1.58000000000000        1.64000000000000        1.66000000000000     
   1.64000000000000        1.64000000000000        1.64000000000000     
   1.68000000000000        1.62000000000000        1.66000000000000     
   1.66000000000000        1.64000000000000        1.64000000000000     
   1.64000000000000        1.58000000000000        1.58000000000000     
   1.58000000000000        1.62000000000000        1.64000000000000     
   1.60000000000000        1.64000000000000        1.62000000000000     
   1.62000000000000        1.60000000000000        1.64000000000000     
   1.62000000000000        1.64000000000000        1.66000000000000     
   1.66000000000000        1.64000000000000        1.68000000000000     
   1.64000000000000        1.58000000000000        1.62000000000000     
   1.58000000000000        1.64000000000000        1.60000000000000     
   1.64000000000000        1.62000000000000        1.60000000000000     
   1.68000000000000        1.66000000000000        1.62000000000000     
   1.68000000000000        1.60000000000000        1.58000000000000     
   1.56000000000000        1.66000000000000        1.54000000000000     
   1.64000000000000        1.62000000000000        1.62000000000000     
   1.56000000000000        1.64000000000000        1.68000000000000     
   1.60000000000000        1.58000000000000        1.64000000000000     
   1.58000000000000        1.66000000000000        1.62000000000000     
   1.66000000000000        1.62000000000000        1.66000000000000     
   1.66000000000000        1.64000000000000        1.60000000000000     
   1.58000000000000        1.60000000000000        1.68000000000000     
   1.60000000000000        1.60000000000000        1.64000000000000     
   1.60000000000000        1.68000000000000        2.00000000000000     
   2.00000000000000        2.00000000000000        2.00000000000000     
   2.00000000000000        2.00000000000000        2.00000000000000     
   2.00000000000000        2.00000000000000        2.00000000000000     
   2.00000000000000        2.00000000000000        2.00000000000000     
   2.00000000000000        2.00000000000000        2.00000000000000     
   2.00000000000000        2.00000000000000        2.00000000000000     
   2.00000000000000        2.00000000000000        2.00000000000000     
   2.00000000000000        2.00000000000000        2.00000000000000     
   2.00000000000000        2.00000000000000        2.00000000000000     
   2.00000000000000        2.00000000000000        2.00000000000000     
   2.00000000000000        2.00000000000000        2.00000000000000     
   2.00000000000000        2.00000000000000        2.00000000000000     
   2.00000000000000        2.00000000000000        2.00000000000000     
   1.00000000000000        1.00000000000000        1.00000000000000     
   1.00000000000000        1.00000000000000        1.00000000000000     
   1.00000000000000        1.00000000000000        1.00000000000000     
   1.00000000000000        1.00000000000000        1.00000000000000     
   1.00000000000000        1.00000000000000        1.00000000000000     
   1.00000000000000        1.00000000000000        1.00000000000000     
   1.00000000000000        1.00000000000000        1.00000000000000     
   1.00000000000000        1.00000000000000        1.00000000000000     
   1.00000000000000        1.00000000000000        1.00000000000000     
   1.00000000000000        1.00000000000000        1.00000000000000     
   1.00000000000000        1.00000000000000        1.00000000000000     
   1.00000000000000        1.00000000000000        1.00000000000000     
   1.00000000000000        1.00000000000000        1.00000000000000     
   1.00000000000000        1.00000000000000        1.00000000000000     
   1.00000000000000        1.00000000000000        1.00000000000000     
   1.00000000000000        1.00000000000000        1.00000000000000     
   1.00000000000000       0.000000000000000E+000   1.00000000000000     
   1.00000000000000        1.00000000000000        1.00000000000000     
   1.00000000000000        1.00000000000000        1.00000000000000     
   1.00000000000000        1.00000000000000        1.00000000000000     
   1.00000000000000        1.00000000000000        1.00000000000000     
  0.000000000000000E+000   1.00000000000000        1.00000000000000     
   1.00000000000000        1.00000000000000        1.00000000000000     
   1.00000000000000        1.00000000000000        1.00000000000000     
   1.00000000000000        1.00000000000000        1.00000000000000     
   1.00000000000000        1.00000000000000        1.00000000000000     
   1.00000000000000        1.00000000000000        1.00000000000000     
   1.00000000000000        1.00000000000000        1.00000000000000     
   1.00000000000000        1.00000000000000        1.00000000000000     
   1.00000000000000        1.00000000000000        1.00000000000000     
   1.00000000000000        1.00000000000000        1.00000000000000     
   1.00000000000000        1.00000000000000        1.00000000000000     
   1.00000000000000        1.00000000000000        1.00000000000000     
   1.00000000000000        1.00000000000000        1.00000000000000     
   1.00000000000000        1.00000000000000        1.00000000000000     
   1.00000000000000        1.00000000000000        1.00000000000000     
   1.00000000000000        1.00000000000000        1.00000000000000     
   1.00000000000000        1.00000000000000        1.00000000000000     
   1.00000000000000        1.00000000000000        1.00000000000000     
   1.00000000000000        1.00000000000000        1.00000000000000     
   1.00000000000000        1.00000000000000        1.00000000000000     
   1.00000000000000        1.00000000000000        1.00000000000000     
   1.00000000000000        1.00000000000000        1.00000000000000     
   1.00000000000000        1.00000000000000        1.00000000000000     
   1.00000000000000        1.00000000000000        1.00000000000000     
   1.00000000000000        1.00000000000000        1.00000000000000     
   1.00000000000000        1.00000000000000        1.00000000000000     
   1.00000000000000        1.00000000000000        1.00000000000000     
   1.00000000000000        1.00000000000000        1.00000000000000     
   1.00000000000000        1.00000000000000        1.00000000000000     
   1.00000000000000        1.00000000000000        1.00000000000000     
   1.00000000000000        1.00000000000000        1.00000000000000     
   1.00000000000000        1.00000000000000        1.00000000000000     
   1.00000000000000        1.00000000000000        1.00000000000000     
   1.00000000000000        1.00000000000000        1.00000000000000     
   1.00000000000000        1.00000000000000        1.00000000000000     
   1.00000000000000        1.00000000000000        1.00000000000000     
   1.00000000000000        1.00000000000000        1.00000000000000     
   1.00000000000000        1.00000000000000        1.00000000000000     
   1.00000000000000        1.00000000000000        1.00000000000000     
   1.00000000000000        1.00000000000000        1.00000000000000     
   1.00000000000000        1.00000000000000        1.00000000000000     
   1.00000000000000        1.00000000000000        1.00000000000000     
   1.00000000000000        1.00000000000000        1.00000000000000     
   1.00000000000000        1.00000000000000        1.00000000000000     
   1.00000000000000        1.00000000000000        1.00000000000000     
   1.00000000000000        1.00000000000000       0.000000000000000E+000
  0.000000000000000E+000  0.000000000000000E+000   1.00000000000000     
   1.00000000000000       0.000000000000000E+000  0.000000000000000E+000
  0.000000000000000E+000   1.00000000000000        1.00000000000000     
   1.00000000000000        1.00000000000000        1.00000000000000     
  0.000000000000000E+000  0.000000000000000E+000  0.000000000000000E+000
   1.00000000000000       0.000000000000000E+000   1.00000000000000     
  0.000000000000000E+000  0.000000000000000E+000   1.00000000000000     
   1.00000000000000       0.000000000000000E+000  0.000000000000000E+000
  0.000000000000000E+000   1.00000000000000       0.000000000000000E+000
  0.000000000000000E+000  0.000000000000000E+000   1.00000000000000     
  0.000000000000000E+000   1.00000000000000        1.00000000000000     
   1.00000000000000       0.000000000000000E+000  0.000000000000000E+000
   1.00000000000000       0.000000000000000E+000  0.000000000000000E+000
  0.000000000000000E+000  0.000000000000000E+000  0.000000000000000E+000
  0.000000000000000E+000   1.00000000000000       0.000000000000000E+000
  0.000000000000000E+000   1.00000000000000        1.00000000000000     
  0.000000000000000E+000  0.000000000000000E+000   1.00000000000000     
  0.000000000000000E+000  0.000000000000000E+000   1.00000000000000     
  0.000000000000000E+000   1.00000000000000       0.000000000000000E+000
  0.000000000000000E+000  0.000000000000000E+000   1.00000000000000     
  0.000000000000000E+000  0.000000000000000E+000  0.000000000000000E+000
   1.00000000000000        1.00000000000000       0.000000000000000E+000
  0.000000000000000E+000   1.00000000000000        1.00000000000000     
  0.000000000000000E+000   1.00000000000000        1.00000000000000     
  0.000000000000000E+000  0.000000000000000E+000  0.000000000000000E+000
   1.00000000000000        1.00000000000000       0.000000000000000E+000
   1.00000000000000        1.00000000000000        1.00000000000000     
  0.000000000000000E+000   1.00000000000000        1.00000000000000     
  0.000000000000000E+000   1.00000000000000        1.00000000000000     
  0.000000000000000E+000  0.000000000000000E+000  0.000000000000000E+000
   1.00000000000000        1.00000000000000        1.00000000000000     
   1.00000000000000        1.00000000000000       0.000000000000000E+000
   1.00000000000000        1.00000000000000        1.00000000000000     
  0.000000000000000E+000  0.000000000000000E+000   1.00000000000000     
   1.00000000000000        1.00000000000000       0.000000000000000E+000
   1.00000000000000       0.000000000000000E+000  0.000000000000000E+000
  0.000000000000000E+000   1.00000000000000        1.00000000000000     
   1.00000000000000       0.000000000000000E+000  0.000000000000000E+000
  0.000000000000000E+000  0.000000000000000E+000  0.000000000000000E+000
  0.000000000000000E+000   1.00000000000000       0.000000000000000E+000
  0.000000000000000E+000  0.000000000000000E+000  0.000000000000000E+000
  0.000000000000000E+000  0.000000000000000E+000   1.00000000000000     
  0.000000000000000E+000  0.000000000000000E+000   1.00000000000000     
  0.000000000000000E+000  0.000000000000000E+000  0.000000000000000E+000
  0.000000000000000E+000   1.00000000000000       0.000000000000000E+000
   1.00000000000000        1.00000000000000        1.00000000000000     
  0.000000000000000E+000   1.00000000000000        1.00000000000000     
  0.000000000000000E+000  0.000000000000000E+000  0.000000000000000E+000
  0.000000000000000E+000   1.00000000000000       0.000000000000000E+000
  0.000000000000000E+000  0.000000000000000E+000  0.000000000000000E+000
  0.000000000000000E+000  0.000000000000000E+000  0.000000000000000E+000
  0.000000000000000E+000   1.00000000000000        1.00000000000000     
   1.00000000000000        1.00000000000000       0.000000000000000E+000
  0.000000000000000E+000   1.00000000000000        1.00000000000000     
   1.00000000000000       0.000000000000000E+000  0.000000000000000E+000
   1.00000000000000       0.000000000000000E+000   1.00000000000000     
   1.00000000000000       0.000000000000000E+000   1.00000000000000     
  0.000000000000000E+000  0.000000000000000E+000  0.000000000000000E+000
  0.000000000000000E+000  0.000000000000000E+000  0.000000000000000E+000
  0.000000000000000E+000  0.000000000000000E+000   1.00000000000000     
  0.000000000000000E+000  0.000000000000000E+000  0.000000000000000E+000
  0.000000000000000E+000  0.000000000000000E+000  0.000000000000000E+000
  0.000000000000000E+000  0.000000000000000E+000  0.000000000000000E+000
  0.000000000000000E+000   1.00000000000000       0.000000000000000E+000
  0.000000000000000E+000  0.000000000000000E+000   1.00000000000000     
  0.000000000000000E+000  0.000000000000000E+000   1.00000000000000     
  0.000000000000000E+000   1.00000000000000       0.000000000000000E+000
  0.000000000000000E+000  0.000000000000000E+000   1.00000000000000     
  0.000000000000000E+000  0.000000000000000E+000  0.000000000000000E+000
  0.000000000000000E+000  0.000000000000000E+000  0.000000000000000E+000
   1.00000000000000        1.00000000000000        1.00000000000000     
  0.000000000000000E+000   1.00000000000000        1.00000000000000     
  0.000000000000000E+000   1.00000000000000       0.000000000000000E+000
  0.000000000000000E+000  0.000000000000000E+000  0.000000000000000E+000
  0.000000000000000E+000  0.000000000000000E+000  0.000000000000000E+000
  0.000000000000000E+000   1.00000000000000        1.00000000000000     
  0.000000000000000E+000  0.000000000000000E+000   1.00000000000000     
  0.000000000000000E+000  0.000000000000000E+000  0.000000000000000E+000
   1.00000000000000        1.00000000000000       0.000000000000000E+000
  0.000000000000000E+000  0.000000000000000E+000  0.000000000000000E+000
  0.000000000000000E+000  0.000000000000000E+000  0.000000000000000E+000
  0.000000000000000E+000  0.000000000000000E+000   1.00000000000000     
   1.00000000000000       0.000000000000000E+000  0.000000000000000E+000
  0.000000000000000E+000  0.000000000000000E+000  0.000000000000000E+000
   1.00000000000000       0.000000000000000E+000  0.000000000000000E+000
  0.000000000000000E+000  0.000000000000000E+000  0.000000000000000E+000
  0.000000000000000E+000  0.000000000000000E+000   1.00000000000000     
  0.000000000000000E+000   1.00000000000000        1.00000000000000     
  0.000000000000000E+000  0.000000000000000E+000  0.000000000000000E+000
  0.000000000000000E+000   1.00000000000000        1.00000000000000     
  0.000000000000000E+000  0.000000000000000E+000  0.000000000000000E+000
  0.000000000000000E+000   1.00000000000000        1.00000000000000     
   1.00000000000000        1.00000000000000        1.00000000000000     
   1.00000000000000        1.00000000000000       0.000000000000000E+000
   1.00000000000000       0.000000000000000E+000  0.000000000000000E+000
  0.000000000000000E+000  0.000000000000000E+000  0.000000000000000E+000
  0.000000000000000E+000   1.00000000000000        1.00000000000000     
  0.000000000000000E+000   1.00000000000000       0.000000000000000E+000
  0.000000000000000E+000  0.000000000000000E+000   1.00000000000000     
   1.00000000000000        1.00000000000000       0.000000000000000E+000
  0.000000000000000E+000   1.00000000000000       0.000000000000000E+000
  0.000000000000000E+000  0.000000000000000E+000  0.000000000000000E+000
   1.00000000000000        1.00000000000000       0.000000000000000E+000
  0.000000000000000E+000  0.000000000000000E+000   1.00000000000000     
   1.00000000000000       0.000000000000000E+000  0.000000000000000E+000
   1.00000000000000        1.00000000000000        1.00000000000000     
   1.00000000000000       0.000000000000000E+000  0.000000000000000E+000
  0.000000000000000E+000   1.00000000000000        1.00000000000000     
  0.000000000000000E+000  0.000000000000000E+000   1.00000000000000     
  0.000000000000000E+000  0.000000000000000E+000   1.00000000000000     
   1.00000000000000       0.000000000000000E+000  0.000000000000000E+000
   1.00000000000000       0.000000000000000E+000   1.00000000000000     
  0.000000000000000E+000   1.00000000000000       0.000000000000000E+000
  0.000000000000000E+000  0.000000000000000E+000  0.000000000000000E+000
   1.00000000000000        1.00000000000000        1.00000000000000     
  0.000000000000000E+000   1.00000000000000       0.000000000000000E+000
   1.00000000000000       0.000000000000000E+000  0.000000000000000E+000
   1.00000000000000        1.00000000000000       0.000000000000000E+000
  0.000000000000000E+000  0.000000000000000E+000  0.000000000000000E+000
   1.00000000000000        1.00000000000000       0.000000000000000E+000
  0.000000000000000E+000   1.00000000000000       0.000000000000000E+000
  0.000000000000000E+000  0.000000000000000E+000  0.000000000000000E+000
   1.00000000000000       0.000000000000000E+000  0.000000000000000E+000
  0.000000000000000E+000  0.000000000000000E+000  0.000000000000000E+000
  0.000000000000000E+000   1.00000000000000        1.00000000000000     
  0.000000000000000E+000  0.000000000000000E+000  0.000000000000000E+000
   1.00000000000000       0.000000000000000E+000   1.00000000000000     
  0.000000000000000E+000  0.000000000000000E+000  0.000000000000000E+000
   1.00000000000000       0.000000000000000E+000  0.000000000000000E+000
  0.000000000000000E+000  0.000000000000000E+000   1.00000000000000     
  0.000000000000000E+000  0.000000000000000E+000   1.00000000000000     
   1.00000000000000       0.000000000000000E+000   1.00000000000000     
  0.000000000000000E+000   1.00000000000000       0.000000000000000E+000
  0.000000000000000E+000   1.00000000000000       0.000000000000000E+000
  0.000000000000000E+000  0.000000000000000E+000   1.00000000000000     
   1.00000000000000        1.00000000000000       0.000000000000000E+000
  0.000000000000000E+000   1.00000000000000        1.00000000000000     
   1.00000000000000       0.000000000000000E+000  0.000000000000000E+000
   1.00000000000000        1.00000000000000        1.00000000000000     
  0.000000000000000E+000   1.00000000000000        1.00000000000000     
  0.000000000000000E+000   1.00000000000000        1.00000000000000     
   1.00000000000000        1.00000000000000       0.000000000000000E+000
   1.00000000000000        1.00000000000000       0.000000000000000E+000
  0.000000000000000E+000   1.00000000000000        1.00000000000000     
   1.00000000000000       0.000000000000000E+000   1.00000000000000     
   1.00000000000000       0.000000000000000E+000   1.00000000000000     
   1.00000000000000        1.00000000000000       0.000000000000000E+000
   1.00000000000000       0.000000000000000E+000  0.000000000000000E+000
  0.000000000000000E+000  0.000000000000000E+000  0.000000000000000E+000
   1.00000000000000       0.000000000000000E+000  0.000000000000000E+000
   1.00000000000000        1.00000000000000       0.000000000000000E+000
  0.000000000000000E+000   1.00000000000000       0.000000000000000E+000
   1.00000000000000       0.000000000000000E+000   1.00000000000000     
  0.000000000000000E+000  0.000000000000000E+000  0.000000000000000E+000
  0.000000000000000E+000  0.000000000000000E+000  0.000000000000000E+000
  0.000000000000000E+000  0.000000000000000E+000  0.000000000000000E+000
   1.00000000000000       0.000000000000000E+000   1.00000000000000     
  0.000000000000000E+000   1.00000000000000       0.000000000000000E+000
   1.00000000000000       0.000000000000000E+000  0.000000000000000E+000
  0.000000000000000E+000  0.000000000000000E+000   1.00000000000000     
   1.00000000000000        1.00000000000000        1.00000000000000     
  0.000000000000000E+000   1.00000000000000        1.00000000000000     
  0.000000000000000E+000  0.000000000000000E+000  0.000000000000000E+000
  0.000000000000000E+000  0.000000000000000E+000   1.00000000000000     
   1.00000000000000       0.000000000000000E+000  0.000000000000000E+000
  0.000000000000000E+000   1.00000000000000       0.000000000000000E+000
   1.00000000000000        1.00000000000000       0.000000000000000E+000
  0.000000000000000E+000   1.00000000000000       0.000000000000000E+000
  0.000000000000000E+000   1.00000000000000        1.00000000000000     
  0.000000000000000E+000   1.00000000000000       0.000000000000000E+000
   1.00000000000000       0.000000000000000E+000  0.000000000000000E+000
  0.000000000000000E+000   1.00000000000000       0.000000000000000E+000
  0.000000000000000E+000  0.000000000000000E+000  0.000000000000000E+000
   1.00000000000000       0.000000000000000E+000   1.00000000000000     
  0.000000000000000E+000  0.000000000000000E+000  0.000000000000000E+000
  0.000000000000000E+000  0.000000000000000E+000   1.00000000000000     
   1.00000000000000       0.000000000000000E+000  0.000000000000000E+000
  0.000000000000000E+000   1.00000000000000        1.00000000000000     
   1.00000000000000       0.000000000000000E+000  0.000000000000000E+000
  0.000000000000000E+000  0.000000000000000E+000   1.00000000000000     
  0.000000000000000E+000   1.00000000000000       0.000000000000000E+000
  0.000000000000000E+000   1.00000000000000       0.000000000000000E+000
  0.000000000000000E+000   1.00000000000000       0.000000000000000E+000
  0.000000000000000E+000   1.00000000000000        1.00000000000000     
   1.00000000000000       0.000000000000000E+000  0.000000000000000E+000
  0.000000000000000E+000  0.000000000000000E+000  0.000000000000000E+000
   1.00000000000000       0.000000000000000E+000  0.000000000000000E+000
  0.000000000000000E+000  0.000000000000000E+000   1.00000000000000     
  0.000000000000000E+000   1.00000000000000       0.000000000000000E+000
  0.000000000000000E+000   1.00000000000000        1.00000000000000     
  0.000000000000000E+000   1.00000000000000       0.000000000000000E+000
  0.000000000000000E+000  0.000000000000000E+000  0.000000000000000E+000
  0.000000000000000E+000   1.00000000000000       0.000000000000000E+000
   1.00000000000000       0.000000000000000E+000  0.000000000000000E+000
  0.000000000000000E+000   1.00000000000000       0.000000000000000E+000
   1.00000000000000       0.000000000000000E+000  0.000000000000000E+000
   1.00000000000000       0.000000000000000E+000  0.000000000000000E+000
  0.000000000000000E+000  0.000000000000000E+000  0.000000000000000E+000
  0.000000000000000E+000   1.00000000000000        1.00000000000000     
  0.000000000000000E+000  0.000000000000000E+000   1.00000000000000     
   1.00000000000000        1.00000000000000        1.00000000000000     
   1.00000000000000        1.00000000000000        1.00000000000000     
   1.00000000000000        1.00000000000000        1.00000000000000     
   1.00000000000000        1.00000000000000        1.00000000000000     
   1.00000000000000        1.00000000000000        1.00000000000000     
   1.00000000000000        1.00000000000000        1.00000000000000     
   1.00000000000000        1.00000000000000        1.00000000000000     
   1.00000000000000        1.00000000000000        1.00000000000000     
   1.00000000000000        1.00000000000000        1.00000000000000     
   1.00000000000000        1.00000000000000        1.00000000000000     
   1.00000000000000        1.00000000000000        1.00000000000000     
   1.00000000000000        1.00000000000000        1.00000000000000     
   1.00000000000000        1.00000000000000        1.00000000000000     
  2.558197953628709E-002
        5000           1
